[2020-07-22 17:42:17,505 INFO] Initializing native server...
[2020-07-22 17:42:17,505 INFO] java -Xmx4g -cp "D:\chinese_summarizer\utils\stanford-corenlp-full-2017-06-09\*" edu.stanford.nlp.pipeline.StanfordCoreNLPServer -port 9011
[2020-07-22 17:42:17,506 INFO] Server shell PID: 21584
[2020-07-22 17:42:18,507 INFO] The server is available.
[2020-07-22 17:43:12,570 INFO] Initializing native server...
[2020-07-22 17:43:12,570 INFO] java -Xmx4g -cp "D:\chinese_summarizer\utils\stanford-corenlp-full-2017-06-09\*" edu.stanford.nlp.pipeline.StanfordCoreNLPServer -port 9021
[2020-07-22 17:43:12,572 INFO] Server shell PID: 24704
[2020-07-22 17:43:13,574 INFO] The server is available.
[2020-07-22 17:43:13,574 INFO] {'properties': "{'annotators': 'ssplit,tokenize', 'outputFormat': 'json'}", 'pipelineLanguage': 'zh'}
[2020-07-22 17:43:35,914 INFO] Initializing native server...
[2020-07-22 17:43:35,914 INFO] java -Xmx4g -cp "D:\chinese_summarizer\utils\stanford-corenlp-full-2017-06-09\*" edu.stanford.nlp.pipeline.StanfordCoreNLPServer -port 9000
[2020-07-22 17:43:35,915 INFO] Server shell PID: 1452
[2020-07-22 17:43:36,917 INFO] The server is available.
[2020-07-22 17:43:36,917 INFO] {'properties': "{'annotators': 'ssplit,tokenize', 'outputFormat': 'json'}", 'pipelineLanguage': 'zh'}
[2020-07-22 17:45:31,655 INFO] Initializing native server...
[2020-07-22 17:45:31,656 INFO] java -Xmx4g -cp "D:\chinese_summarizer\utils\stanford-corenlp-full-2017-06-09\*" edu.stanford.nlp.pipeline.StanfordCoreNLPServer -port 9001
[2020-07-22 17:45:31,657 INFO] Server shell PID: 22704
[2020-07-22 17:45:32,659 INFO] The server is available.
[2020-07-22 17:45:32,659 INFO] {'properties': "{'annotators': 'ssplit,tokenize', 'outputFormat': 'json'}", 'pipelineLanguage': 'zh'}
[2020-07-22 17:45:36,000 INFO] {'properties': "{'annotators': 'pos', 'outputFormat': 'json'}", 'pipelineLanguage': 'zh'}
[2020-07-22 17:45:36,413 INFO] {'properties': "{'annotators': 'ner', 'outputFormat': 'json'}", 'pipelineLanguage': 'zh'}
[2020-07-22 17:45:37,866 INFO] {'properties': "{'annotators': 'pos,parse', 'outputFormat': 'json'}", 'pipelineLanguage': 'zh'}
[2020-07-22 17:45:41,607 INFO] {'properties': "{'annotators': 'depparse', 'outputFormat': 'json'}", 'pipelineLanguage': 'zh'}
[2020-07-22 17:45:48,130 INFO] Cleanup...
[2020-07-22 17:45:48,135 INFO] Killing pid: 23832, cmdline: ['java', '-Xmx4g', '-cp', 'D:\\chinese_summarizer\\utils\\stanford-corenlp-full-2017-06-09\\*', 'edu.stanford.nlp.pipeline.StanfordCoreNLPServer', '-port', '9001']
[2020-07-22 17:45:48,136 INFO] Killing shell pid: 22704, cmdline: ['C:\\Windows\\system32\\cmd.exe', '/c', 'java -Xmx4g -cp D:\\chinese_summarizer\\utils\\stanford-corenlp-full-2017-06-09\\* edu.stanford.nlp.pipeline.StanfordCoreNLPServer -port 9001']
[2020-07-22 23:35:47,382 INFO] loading vocabulary file https://s3.amazonaws.com/models.huggingface.co/bert/bert-base-chinese-vocab.txt from cache at C:\Users\zk\.pytorch_pretrained_bert\8a0c070123c1f794c42a29c6904beb7c1b8715741e235bee04aca2c7636fc83f.9b42061518a39ca00b8b52059fd2bede8daa613f8a8671500e518a8c29de8c00
[2020-07-22 23:35:48,386 INFO] loading vocabulary file https://s3.amazonaws.com/models.huggingface.co/bert/bert-base-chinese-vocab.txt from cache at C:\Users\zk\.pytorch_pretrained_bert\8a0c070123c1f794c42a29c6904beb7c1b8715741e235bee04aca2c7636fc83f.9b42061518a39ca00b8b52059fd2bede8daa613f8a8671500e518a8c29de8c00
[2020-07-22 23:35:50,210 INFO] loading vocabulary file https://s3.amazonaws.com/models.huggingface.co/bert/bert-base-chinese-vocab.txt from cache at C:\Users\zk\.pytorch_pretrained_bert\8a0c070123c1f794c42a29c6904beb7c1b8715741e235bee04aca2c7636fc83f.9b42061518a39ca00b8b52059fd2bede8daa613f8a8671500e518a8c29de8c00
[2020-07-22 23:38:42,168 ERROR] Model name '../../models/pytorch_pretrained_bert/bert_pretrain' was not found in models name list (bert-base-uncased, bert-large-uncased, bert-base-cased, bert-large-cased, bert-base-multilingual-uncased, bert-base-multilingual-cased, bert-base-chinese). We assumed '../../models/pytorch_pretrained_bert/bert_pretrain' was a path or url but couldn't find any file associated to this path or url.
[2020-07-22 23:43:21,958 ERROR] Model name './models/pytorch_pretrained_bert/bert_pretrain/' was not found in models name list (bert-base-uncased, bert-large-uncased, bert-base-cased, bert-large-cased, bert-base-multilingual-uncased, bert-base-multilingual-cased, bert-base-chinese). We assumed './models/pytorch_pretrained_bert/bert_pretrain/vocab.txt' was a path or url but couldn't find any file associated to this path or url.
[2020-07-22 23:44:19,482 INFO] loading vocabulary file https://s3.amazonaws.com/models.huggingface.co/bert/bert-base-chinese-vocab.txt from cache at C:\Users\zk\.pytorch_pretrained_bert\8a0c070123c1f794c42a29c6904beb7c1b8715741e235bee04aca2c7636fc83f.9b42061518a39ca00b8b52059fd2bede8daa613f8a8671500e518a8c29de8c00
[2020-07-22 23:44:31,768 INFO] loading vocabulary file https://s3.amazonaws.com/models.huggingface.co/bert/bert-base-chinese-vocab.txt from cache at C:\Users\zk\.pytorch_pretrained_bert\8a0c070123c1f794c42a29c6904beb7c1b8715741e235bee04aca2c7636fc83f.9b42061518a39ca00b8b52059fd2bede8daa613f8a8671500e518a8c29de8c00
[2020-07-22 23:44:33,077 INFO] loading vocabulary file https://s3.amazonaws.com/models.huggingface.co/bert/bert-base-chinese-vocab.txt from cache at C:\Users\zk\.pytorch_pretrained_bert\8a0c070123c1f794c42a29c6904beb7c1b8715741e235bee04aca2c7636fc83f.9b42061518a39ca00b8b52059fd2bede8daa613f8a8671500e518a8c29de8c00
[2020-07-22 23:44:34,369 INFO] loading vocabulary file https://s3.amazonaws.com/models.huggingface.co/bert/bert-base-chinese-vocab.txt from cache at C:\Users\zk\.pytorch_pretrained_bert\8a0c070123c1f794c42a29c6904beb7c1b8715741e235bee04aca2c7636fc83f.9b42061518a39ca00b8b52059fd2bede8daa613f8a8671500e518a8c29de8c00
[2020-07-22 23:44:37,840 INFO] loading vocabulary file https://s3.amazonaws.com/models.huggingface.co/bert/bert-base-chinese-vocab.txt from cache at C:\Users\zk\.pytorch_pretrained_bert\8a0c070123c1f794c42a29c6904beb7c1b8715741e235bee04aca2c7636fc83f.9b42061518a39ca00b8b52059fd2bede8daa613f8a8671500e518a8c29de8c00
[2020-07-22 23:44:37,853 INFO] Saving to ./data/bert_data/
[2020-07-22 23:45:29,872 INFO] loading vocabulary file https://s3.amazonaws.com/models.huggingface.co/bert/bert-base-chinese-vocab.txt from cache at C:\Users\zk\.pytorch_pretrained_bert\8a0c070123c1f794c42a29c6904beb7c1b8715741e235bee04aca2c7636fc83f.9b42061518a39ca00b8b52059fd2bede8daa613f8a8671500e518a8c29de8c00
[2020-07-22 23:45:31,637 INFO] loading vocabulary file https://s3.amazonaws.com/models.huggingface.co/bert/bert-base-chinese-vocab.txt from cache at C:\Users\zk\.pytorch_pretrained_bert\8a0c070123c1f794c42a29c6904beb7c1b8715741e235bee04aca2c7636fc83f.9b42061518a39ca00b8b52059fd2bede8daa613f8a8671500e518a8c29de8c00
[2020-07-22 23:45:36,847 INFO] loading vocabulary file https://s3.amazonaws.com/models.huggingface.co/bert/bert-base-chinese-vocab.txt from cache at C:\Users\zk\.pytorch_pretrained_bert\8a0c070123c1f794c42a29c6904beb7c1b8715741e235bee04aca2c7636fc83f.9b42061518a39ca00b8b52059fd2bede8daa613f8a8671500e518a8c29de8c00
[2020-07-22 23:45:40,534 INFO] loading vocabulary file https://s3.amazonaws.com/models.huggingface.co/bert/bert-base-chinese-vocab.txt from cache at C:\Users\zk\.pytorch_pretrained_bert\8a0c070123c1f794c42a29c6904beb7c1b8715741e235bee04aca2c7636fc83f.9b42061518a39ca00b8b52059fd2bede8daa613f8a8671500e518a8c29de8c00
[2020-07-22 23:45:41,966 INFO] loading vocabulary file https://s3.amazonaws.com/models.huggingface.co/bert/bert-base-chinese-vocab.txt from cache at C:\Users\zk\.pytorch_pretrained_bert\8a0c070123c1f794c42a29c6904beb7c1b8715741e235bee04aca2c7636fc83f.9b42061518a39ca00b8b52059fd2bede8daa613f8a8671500e518a8c29de8c00
[2020-07-22 23:45:41,978 INFO] Saving to ./data/bert_data/
[2020-07-22 23:47:13,733 INFO] loading vocabulary file https://s3.amazonaws.com/models.huggingface.co/bert/bert-base-chinese-vocab.txt from cache at C:\Users\zk\.pytorch_pretrained_bert\8a0c070123c1f794c42a29c6904beb7c1b8715741e235bee04aca2c7636fc83f.9b42061518a39ca00b8b52059fd2bede8daa613f8a8671500e518a8c29de8c00
[2020-07-22 23:47:15,799 INFO] loading vocabulary file https://s3.amazonaws.com/models.huggingface.co/bert/bert-base-chinese-vocab.txt from cache at C:\Users\zk\.pytorch_pretrained_bert\8a0c070123c1f794c42a29c6904beb7c1b8715741e235bee04aca2c7636fc83f.9b42061518a39ca00b8b52059fd2bede8daa613f8a8671500e518a8c29de8c00
[2020-07-22 23:47:17,067 INFO] loading vocabulary file https://s3.amazonaws.com/models.huggingface.co/bert/bert-base-chinese-vocab.txt from cache at C:\Users\zk\.pytorch_pretrained_bert\8a0c070123c1f794c42a29c6904beb7c1b8715741e235bee04aca2c7636fc83f.9b42061518a39ca00b8b52059fd2bede8daa613f8a8671500e518a8c29de8c00
[2020-07-22 23:47:32,677 INFO] loading vocabulary file https://s3.amazonaws.com/models.huggingface.co/bert/bert-base-chinese-vocab.txt from cache at C:\Users\zk\.pytorch_pretrained_bert\8a0c070123c1f794c42a29c6904beb7c1b8715741e235bee04aca2c7636fc83f.9b42061518a39ca00b8b52059fd2bede8daa613f8a8671500e518a8c29de8c00
[2020-07-22 23:47:44,315 INFO] loading vocabulary file https://s3.amazonaws.com/models.huggingface.co/bert/bert-base-chinese-vocab.txt from cache at C:\Users\zk\.pytorch_pretrained_bert\8a0c070123c1f794c42a29c6904beb7c1b8715741e235bee04aca2c7636fc83f.9b42061518a39ca00b8b52059fd2bede8daa613f8a8671500e518a8c29de8c00
[2020-07-22 23:48:05,336 INFO] loading vocabulary file https://s3.amazonaws.com/models.huggingface.co/bert/bert-base-chinese-vocab.txt from cache at C:\Users\zk\.pytorch_pretrained_bert\8a0c070123c1f794c42a29c6904beb7c1b8715741e235bee04aca2c7636fc83f.9b42061518a39ca00b8b52059fd2bede8daa613f8a8671500e518a8c29de8c00
[2020-07-22 23:48:06,789 INFO] loading vocabulary file https://s3.amazonaws.com/models.huggingface.co/bert/bert-base-chinese-vocab.txt from cache at C:\Users\zk\.pytorch_pretrained_bert\8a0c070123c1f794c42a29c6904beb7c1b8715741e235bee04aca2c7636fc83f.9b42061518a39ca00b8b52059fd2bede8daa613f8a8671500e518a8c29de8c00
[2020-07-22 23:48:08,159 INFO] loading vocabulary file https://s3.amazonaws.com/models.huggingface.co/bert/bert-base-chinese-vocab.txt from cache at C:\Users\zk\.pytorch_pretrained_bert\8a0c070123c1f794c42a29c6904beb7c1b8715741e235bee04aca2c7636fc83f.9b42061518a39ca00b8b52059fd2bede8daa613f8a8671500e518a8c29de8c00
[2020-07-22 23:48:10,550 INFO] loading vocabulary file https://s3.amazonaws.com/models.huggingface.co/bert/bert-base-chinese-vocab.txt from cache at C:\Users\zk\.pytorch_pretrained_bert\8a0c070123c1f794c42a29c6904beb7c1b8715741e235bee04aca2c7636fc83f.9b42061518a39ca00b8b52059fd2bede8daa613f8a8671500e518a8c29de8c00
[2020-07-22 23:48:12,870 INFO] loading vocabulary file https://s3.amazonaws.com/models.huggingface.co/bert/bert-base-chinese-vocab.txt from cache at C:\Users\zk\.pytorch_pretrained_bert\8a0c070123c1f794c42a29c6904beb7c1b8715741e235bee04aca2c7636fc83f.9b42061518a39ca00b8b52059fd2bede8daa613f8a8671500e518a8c29de8c00
[2020-07-22 23:48:12,886 INFO] Saving to ./data/bert_data/
[2020-07-22 23:50:53,092 INFO] loading vocabulary file https://s3.amazonaws.com/models.huggingface.co/bert/bert-base-chinese-vocab.txt from cache at C:\Users\zk\.pytorch_pretrained_bert\8a0c070123c1f794c42a29c6904beb7c1b8715741e235bee04aca2c7636fc83f.9b42061518a39ca00b8b52059fd2bede8daa613f8a8671500e518a8c29de8c00
[2020-07-22 23:50:53,111 INFO] Saving to ./data/bert_data/
[2020-07-22 23:51:19,914 INFO] loading vocabulary file https://s3.amazonaws.com/models.huggingface.co/bert/bert-base-chinese-vocab.txt from cache at C:\Users\zk\.pytorch_pretrained_bert\8a0c070123c1f794c42a29c6904beb7c1b8715741e235bee04aca2c7636fc83f.9b42061518a39ca00b8b52059fd2bede8daa613f8a8671500e518a8c29de8c00
[2020-07-22 23:54:08,687 INFO] loading vocabulary file https://s3.amazonaws.com/models.huggingface.co/bert/bert-base-chinese-vocab.txt from cache at C:\Users\zk\.pytorch_pretrained_bert\8a0c070123c1f794c42a29c6904beb7c1b8715741e235bee04aca2c7636fc83f.9b42061518a39ca00b8b52059fd2bede8daa613f8a8671500e518a8c29de8c00
[2020-07-22 23:55:34,313 INFO] loading vocabulary file https://s3.amazonaws.com/models.huggingface.co/bert/bert-base-chinese-vocab.txt from cache at C:\Users\zk\.pytorch_pretrained_bert\8a0c070123c1f794c42a29c6904beb7c1b8715741e235bee04aca2c7636fc83f.9b42061518a39ca00b8b52059fd2bede8daa613f8a8671500e518a8c29de8c00
[2020-07-22 23:56:21,603 INFO] loading vocabulary file https://s3.amazonaws.com/models.huggingface.co/bert/bert-base-chinese-vocab.txt from cache at C:\Users\zk\.pytorch_pretrained_bert\8a0c070123c1f794c42a29c6904beb7c1b8715741e235bee04aca2c7636fc83f.9b42061518a39ca00b8b52059fd2bede8daa613f8a8671500e518a8c29de8c00
[2020-07-22 23:57:08,795 INFO] loading vocabulary file https://s3.amazonaws.com/models.huggingface.co/bert/bert-base-chinese-vocab.txt from cache at C:\Users\zk\.pytorch_pretrained_bert\8a0c070123c1f794c42a29c6904beb7c1b8715741e235bee04aca2c7636fc83f.9b42061518a39ca00b8b52059fd2bede8daa613f8a8671500e518a8c29de8c00
[2020-07-22 23:58:54,793 INFO] loading vocabulary file https://s3.amazonaws.com/models.huggingface.co/bert/bert-base-chinese-vocab.txt from cache at C:\Users\zk\.pytorch_pretrained_bert\8a0c070123c1f794c42a29c6904beb7c1b8715741e235bee04aca2c7636fc83f.9b42061518a39ca00b8b52059fd2bede8daa613f8a8671500e518a8c29de8c00
[2020-07-22 23:58:56,248 INFO] Saving to ./data/bert_data/
[2020-07-23 00:09:16,030 INFO] loading vocabulary file https://s3.amazonaws.com/models.huggingface.co/bert/bert-base-chinese-vocab.txt from cache at C:\Users\zk\.pytorch_pretrained_bert\8a0c070123c1f794c42a29c6904beb7c1b8715741e235bee04aca2c7636fc83f.9b42061518a39ca00b8b52059fd2bede8daa613f8a8671500e518a8c29de8c00
[2020-07-23 00:09:47,683 INFO] loading vocabulary file https://s3.amazonaws.com/models.huggingface.co/bert/bert-base-chinese-vocab.txt from cache at C:\Users\zk\.pytorch_pretrained_bert\8a0c070123c1f794c42a29c6904beb7c1b8715741e235bee04aca2c7636fc83f.9b42061518a39ca00b8b52059fd2bede8daa613f8a8671500e518a8c29de8c00
[2020-07-23 00:10:39,748 INFO] loading vocabulary file https://s3.amazonaws.com/models.huggingface.co/bert/bert-base-chinese-vocab.txt from cache at C:\Users\zk\.pytorch_pretrained_bert\8a0c070123c1f794c42a29c6904beb7c1b8715741e235bee04aca2c7636fc83f.9b42061518a39ca00b8b52059fd2bede8daa613f8a8671500e518a8c29de8c00
[2020-07-23 00:11:26,236 INFO] loading vocabulary file https://s3.amazonaws.com/models.huggingface.co/bert/bert-base-chinese-vocab.txt from cache at C:\Users\zk\.pytorch_pretrained_bert\8a0c070123c1f794c42a29c6904beb7c1b8715741e235bee04aca2c7636fc83f.9b42061518a39ca00b8b52059fd2bede8daa613f8a8671500e518a8c29de8c00
[2020-07-23 00:12:54,384 INFO] loading vocabulary file https://s3.amazonaws.com/models.huggingface.co/bert/bert-base-chinese-vocab.txt from cache at C:\Users\zk\.pytorch_pretrained_bert\8a0c070123c1f794c42a29c6904beb7c1b8715741e235bee04aca2c7636fc83f.9b42061518a39ca00b8b52059fd2bede8daa613f8a8671500e518a8c29de8c00
[2020-07-23 00:13:45,506 INFO] loading vocabulary file https://s3.amazonaws.com/models.huggingface.co/bert/bert-base-chinese-vocab.txt from cache at C:\Users\zk\.pytorch_pretrained_bert\8a0c070123c1f794c42a29c6904beb7c1b8715741e235bee04aca2c7636fc83f.9b42061518a39ca00b8b52059fd2bede8daa613f8a8671500e518a8c29de8c00
[2020-07-23 00:14:57,362 INFO] Saving to ./data/bert_data/
[2020-07-23 00:16:36,848 INFO] loading vocabulary file https://s3.amazonaws.com/models.huggingface.co/bert/bert-base-chinese-vocab.txt from cache at C:\Users\zk\.pytorch_pretrained_bert\8a0c070123c1f794c42a29c6904beb7c1b8715741e235bee04aca2c7636fc83f.9b42061518a39ca00b8b52059fd2bede8daa613f8a8671500e518a8c29de8c00
[2020-07-23 00:17:49,714 INFO] Saving to ./data/bert_data/
[2020-07-23 00:18:53,825 INFO] loading vocabulary file https://s3.amazonaws.com/models.huggingface.co/bert/bert-base-chinese-vocab.txt from cache at C:\Users\zk\.pytorch_pretrained_bert\8a0c070123c1f794c42a29c6904beb7c1b8715741e235bee04aca2c7636fc83f.9b42061518a39ca00b8b52059fd2bede8daa613f8a8671500e518a8c29de8c00
[2020-07-23 00:20:06,127 INFO] Saving to ./data/bert_data/
[2020-07-23 02:35:45,531 INFO] loading vocabulary file https://s3.amazonaws.com/models.huggingface.co/bert/bert-base-chinese-vocab.txt from cache at C:\Users\zk\.pytorch_pretrained_bert\8a0c070123c1f794c42a29c6904beb7c1b8715741e235bee04aca2c7636fc83f.9b42061518a39ca00b8b52059fd2bede8daa613f8a8671500e518a8c29de8c00
[2020-07-23 02:36:57,853 INFO] Saving to ./data/bert_data/
[2020-07-23 18:11:46,602 INFO] loading vocabulary file https://s3.amazonaws.com/models.huggingface.co/bert/bert-base-chinese-vocab.txt from cache at C:\Users\zk\.pytorch_pretrained_bert\8a0c070123c1f794c42a29c6904beb7c1b8715741e235bee04aca2c7636fc83f.9b42061518a39ca00b8b52059fd2bede8daa613f8a8671500e518a8c29de8c00
[2020-07-23 18:11:46,688 INFO] Saving to ./data/bert_data/
[2020-07-23 18:12:52,890 INFO] loading vocabulary file https://s3.amazonaws.com/models.huggingface.co/bert/bert-base-chinese-vocab.txt from cache at C:\Users\zk\.pytorch_pretrained_bert\8a0c070123c1f794c42a29c6904beb7c1b8715741e235bee04aca2c7636fc83f.9b42061518a39ca00b8b52059fd2bede8daa613f8a8671500e518a8c29de8c00
[2020-07-23 18:13:00,381 INFO] Saving to ./data/bert_data/
[2020-07-24 02:02:25,796 INFO] loading vocabulary file https://s3.amazonaws.com/models.huggingface.co/bert/bert-base-chinese-vocab.txt from cache at C:\Users\zk\.pytorch_pretrained_bert\8a0c070123c1f794c42a29c6904beb7c1b8715741e235bee04aca2c7636fc83f.9b42061518a39ca00b8b52059fd2bede8daa613f8a8671500e518a8c29de8c00
[2020-07-24 02:02:53,162 INFO] loading vocabulary file https://s3.amazonaws.com/models.huggingface.co/bert/bert-base-chinese-vocab.txt from cache at C:\Users\zk\.pytorch_pretrained_bert\8a0c070123c1f794c42a29c6904beb7c1b8715741e235bee04aca2c7636fc83f.9b42061518a39ca00b8b52059fd2bede8daa613f8a8671500e518a8c29de8c00
[2020-07-24 02:03:31,355 INFO] loading vocabulary file https://s3.amazonaws.com/models.huggingface.co/bert/bert-base-chinese-vocab.txt from cache at C:\Users\zk\.pytorch_pretrained_bert\8a0c070123c1f794c42a29c6904beb7c1b8715741e235bee04aca2c7636fc83f.9b42061518a39ca00b8b52059fd2bede8daa613f8a8671500e518a8c29de8c00
[2020-07-24 02:03:31,528 INFO] Saving to ./data/predict_data/
[2020-07-24 02:06:42,753 INFO] loading vocabulary file https://s3.amazonaws.com/models.huggingface.co/bert/bert-base-chinese-vocab.txt from cache at C:\Users\zk\.pytorch_pretrained_bert\8a0c070123c1f794c42a29c6904beb7c1b8715741e235bee04aca2c7636fc83f.9b42061518a39ca00b8b52059fd2bede8daa613f8a8671500e518a8c29de8c00
[2020-07-24 02:06:42,926 INFO] Saving to ./data/predict_data/
[2020-07-24 02:07:24,210 INFO] loading vocabulary file https://s3.amazonaws.com/models.huggingface.co/bert/bert-base-chinese-vocab.txt from cache at C:\Users\zk\.pytorch_pretrained_bert\8a0c070123c1f794c42a29c6904beb7c1b8715741e235bee04aca2c7636fc83f.9b42061518a39ca00b8b52059fd2bede8daa613f8a8671500e518a8c29de8c00
[2020-07-24 02:07:24,385 INFO] Saving to ./data/predict_data/
[2020-07-24 02:08:38,141 INFO] loading vocabulary file https://s3.amazonaws.com/models.huggingface.co/bert/bert-base-chinese-vocab.txt from cache at C:\Users\zk\.pytorch_pretrained_bert\8a0c070123c1f794c42a29c6904beb7c1b8715741e235bee04aca2c7636fc83f.9b42061518a39ca00b8b52059fd2bede8daa613f8a8671500e518a8c29de8c00
[2020-07-24 02:08:40,223 INFO] Saving to ./data/predict_data/
[2020-07-24 02:13:17,075 INFO] loading vocabulary file https://s3.amazonaws.com/models.huggingface.co/bert/bert-base-chinese-vocab.txt from cache at C:\Users\zk\.pytorch_pretrained_bert\8a0c070123c1f794c42a29c6904beb7c1b8715741e235bee04aca2c7636fc83f.9b42061518a39ca00b8b52059fd2bede8daa613f8a8671500e518a8c29de8c00
[2020-07-24 02:15:02,847 INFO] loading vocabulary file https://s3.amazonaws.com/models.huggingface.co/bert/bert-base-chinese-vocab.txt from cache at C:\Users\zk\.pytorch_pretrained_bert\8a0c070123c1f794c42a29c6904beb7c1b8715741e235bee04aca2c7636fc83f.9b42061518a39ca00b8b52059fd2bede8daa613f8a8671500e518a8c29de8c00
[2020-07-24 02:16:54,950 INFO] loading vocabulary file https://s3.amazonaws.com/models.huggingface.co/bert/bert-base-chinese-vocab.txt from cache at C:\Users\zk\.pytorch_pretrained_bert\8a0c070123c1f794c42a29c6904beb7c1b8715741e235bee04aca2c7636fc83f.9b42061518a39ca00b8b52059fd2bede8daa613f8a8671500e518a8c29de8c00
[2020-07-24 02:17:44,945 INFO] loading vocabulary file https://s3.amazonaws.com/models.huggingface.co/bert/bert-base-chinese-vocab.txt from cache at C:\Users\zk\.pytorch_pretrained_bert\8a0c070123c1f794c42a29c6904beb7c1b8715741e235bee04aca2c7636fc83f.9b42061518a39ca00b8b52059fd2bede8daa613f8a8671500e518a8c29de8c00
[2020-07-24 02:18:06,642 INFO] loading vocabulary file https://s3.amazonaws.com/models.huggingface.co/bert/bert-base-chinese-vocab.txt from cache at C:\Users\zk\.pytorch_pretrained_bert\8a0c070123c1f794c42a29c6904beb7c1b8715741e235bee04aca2c7636fc83f.9b42061518a39ca00b8b52059fd2bede8daa613f8a8671500e518a8c29de8c00
[2020-07-24 02:18:24,586 INFO] loading vocabulary file https://s3.amazonaws.com/models.huggingface.co/bert/bert-base-chinese-vocab.txt from cache at C:\Users\zk\.pytorch_pretrained_bert\8a0c070123c1f794c42a29c6904beb7c1b8715741e235bee04aca2c7636fc83f.9b42061518a39ca00b8b52059fd2bede8daa613f8a8671500e518a8c29de8c00
[2020-07-24 02:21:05,411 INFO] loading vocabulary file https://s3.amazonaws.com/models.huggingface.co/bert/bert-base-chinese-vocab.txt from cache at C:\Users\zk\.pytorch_pretrained_bert\8a0c070123c1f794c42a29c6904beb7c1b8715741e235bee04aca2c7636fc83f.9b42061518a39ca00b8b52059fd2bede8daa613f8a8671500e518a8c29de8c00
[2020-07-24 02:22:27,090 INFO] loading vocabulary file https://s3.amazonaws.com/models.huggingface.co/bert/bert-base-chinese-vocab.txt from cache at C:\Users\zk\.pytorch_pretrained_bert\8a0c070123c1f794c42a29c6904beb7c1b8715741e235bee04aca2c7636fc83f.9b42061518a39ca00b8b52059fd2bede8daa613f8a8671500e518a8c29de8c00
[2020-07-24 02:23:01,434 INFO] loading vocabulary file https://s3.amazonaws.com/models.huggingface.co/bert/bert-base-chinese-vocab.txt from cache at C:\Users\zk\.pytorch_pretrained_bert\8a0c070123c1f794c42a29c6904beb7c1b8715741e235bee04aca2c7636fc83f.9b42061518a39ca00b8b52059fd2bede8daa613f8a8671500e518a8c29de8c00
[2020-07-24 02:25:28,165 INFO] loading vocabulary file https://s3.amazonaws.com/models.huggingface.co/bert/bert-base-chinese-vocab.txt from cache at C:\Users\zk\.pytorch_pretrained_bert\8a0c070123c1f794c42a29c6904beb7c1b8715741e235bee04aca2c7636fc83f.9b42061518a39ca00b8b52059fd2bede8daa613f8a8671500e518a8c29de8c00
[2020-07-24 02:27:54,418 INFO] loading vocabulary file https://s3.amazonaws.com/models.huggingface.co/bert/bert-base-chinese-vocab.txt from cache at C:\Users\zk\.pytorch_pretrained_bert\8a0c070123c1f794c42a29c6904beb7c1b8715741e235bee04aca2c7636fc83f.9b42061518a39ca00b8b52059fd2bede8daa613f8a8671500e518a8c29de8c00
[2020-07-24 02:27:56,560 INFO] Saving to ./data/predict_data/
[2020-07-24 02:28:47,157 INFO] loading vocabulary file https://s3.amazonaws.com/models.huggingface.co/bert/bert-base-chinese-vocab.txt from cache at C:\Users\zk\.pytorch_pretrained_bert\8a0c070123c1f794c42a29c6904beb7c1b8715741e235bee04aca2c7636fc83f.9b42061518a39ca00b8b52059fd2bede8daa613f8a8671500e518a8c29de8c00
[2020-07-24 02:28:49,301 INFO] Saving to ./data/predict_data/
[2020-07-24 02:30:06,499 INFO] loading vocabulary file https://s3.amazonaws.com/models.huggingface.co/bert/bert-base-chinese-vocab.txt from cache at C:\Users\zk\.pytorch_pretrained_bert\8a0c070123c1f794c42a29c6904beb7c1b8715741e235bee04aca2c7636fc83f.9b42061518a39ca00b8b52059fd2bede8daa613f8a8671500e518a8c29de8c00
[2020-07-24 02:30:08,639 INFO] Saving to ./data/predict_data/
[2020-07-24 02:35:53,881 INFO] loading vocabulary file https://s3.amazonaws.com/models.huggingface.co/bert/bert-base-chinese-vocab.txt from cache at C:\Users\zk\.pytorch_pretrained_bert\8a0c070123c1f794c42a29c6904beb7c1b8715741e235bee04aca2c7636fc83f.9b42061518a39ca00b8b52059fd2bede8daa613f8a8671500e518a8c29de8c00
[2020-07-24 02:35:56,105 INFO] Saving to ./data/predict_data/
[2020-07-24 02:37:28,489 INFO] loading vocabulary file https://s3.amazonaws.com/models.huggingface.co/bert/bert-base-chinese-vocab.txt from cache at C:\Users\zk\.pytorch_pretrained_bert\8a0c070123c1f794c42a29c6904beb7c1b8715741e235bee04aca2c7636fc83f.9b42061518a39ca00b8b52059fd2bede8daa613f8a8671500e518a8c29de8c00
[2020-07-24 02:38:12,273 INFO] loading vocabulary file https://s3.amazonaws.com/models.huggingface.co/bert/bert-base-chinese-vocab.txt from cache at C:\Users\zk\.pytorch_pretrained_bert\8a0c070123c1f794c42a29c6904beb7c1b8715741e235bee04aca2c7636fc83f.9b42061518a39ca00b8b52059fd2bede8daa613f8a8671500e518a8c29de8c00
[2020-07-24 02:38:47,166 INFO] loading vocabulary file https://s3.amazonaws.com/models.huggingface.co/bert/bert-base-chinese-vocab.txt from cache at C:\Users\zk\.pytorch_pretrained_bert\8a0c070123c1f794c42a29c6904beb7c1b8715741e235bee04aca2c7636fc83f.9b42061518a39ca00b8b52059fd2bede8daa613f8a8671500e518a8c29de8c00
[2020-07-24 02:43:02,488 INFO] loading vocabulary file https://s3.amazonaws.com/models.huggingface.co/bert/bert-base-chinese-vocab.txt from cache at C:\Users\zk\.pytorch_pretrained_bert\8a0c070123c1f794c42a29c6904beb7c1b8715741e235bee04aca2c7636fc83f.9b42061518a39ca00b8b52059fd2bede8daa613f8a8671500e518a8c29de8c00
[2020-07-24 02:43:46,343 INFO] loading vocabulary file https://s3.amazonaws.com/models.huggingface.co/bert/bert-base-chinese-vocab.txt from cache at C:\Users\zk\.pytorch_pretrained_bert\8a0c070123c1f794c42a29c6904beb7c1b8715741e235bee04aca2c7636fc83f.9b42061518a39ca00b8b52059fd2bede8daa613f8a8671500e518a8c29de8c00
[2020-07-24 02:44:55,568 INFO] loading vocabulary file https://s3.amazonaws.com/models.huggingface.co/bert/bert-base-chinese-vocab.txt from cache at C:\Users\zk\.pytorch_pretrained_bert\8a0c070123c1f794c42a29c6904beb7c1b8715741e235bee04aca2c7636fc83f.9b42061518a39ca00b8b52059fd2bede8daa613f8a8671500e518a8c29de8c00
[2020-07-24 02:47:27,970 INFO] loading vocabulary file https://s3.amazonaws.com/models.huggingface.co/bert/bert-base-chinese-vocab.txt from cache at C:\Users\zk\.pytorch_pretrained_bert\8a0c070123c1f794c42a29c6904beb7c1b8715741e235bee04aca2c7636fc83f.9b42061518a39ca00b8b52059fd2bede8daa613f8a8671500e518a8c29de8c00
[2020-07-24 02:47:44,719 INFO] loading vocabulary file https://s3.amazonaws.com/models.huggingface.co/bert/bert-base-chinese-vocab.txt from cache at C:\Users\zk\.pytorch_pretrained_bert\8a0c070123c1f794c42a29c6904beb7c1b8715741e235bee04aca2c7636fc83f.9b42061518a39ca00b8b52059fd2bede8daa613f8a8671500e518a8c29de8c00
[2020-07-24 02:50:00,005 INFO] loading vocabulary file https://s3.amazonaws.com/models.huggingface.co/bert/bert-base-chinese-vocab.txt from cache at C:\Users\zk\.pytorch_pretrained_bert\8a0c070123c1f794c42a29c6904beb7c1b8715741e235bee04aca2c7636fc83f.9b42061518a39ca00b8b52059fd2bede8daa613f8a8671500e518a8c29de8c00
[2020-07-24 02:50:18,962 INFO] loading vocabulary file https://s3.amazonaws.com/models.huggingface.co/bert/bert-base-chinese-vocab.txt from cache at C:\Users\zk\.pytorch_pretrained_bert\8a0c070123c1f794c42a29c6904beb7c1b8715741e235bee04aca2c7636fc83f.9b42061518a39ca00b8b52059fd2bede8daa613f8a8671500e518a8c29de8c00
[2020-07-24 02:50:31,268 INFO] Saving to ./data/predict_data/
[2020-07-24 02:57:44,530 INFO] loading vocabulary file https://s3.amazonaws.com/models.huggingface.co/bert/bert-base-chinese-vocab.txt from cache at C:\Users\zk\.pytorch_pretrained_bert\8a0c070123c1f794c42a29c6904beb7c1b8715741e235bee04aca2c7636fc83f.9b42061518a39ca00b8b52059fd2bede8daa613f8a8671500e518a8c29de8c00
[2020-07-24 02:57:56,799 INFO] Saving to ./data/predict_data/
[2020-07-24 03:17:46,752 INFO] loading vocabulary file https://s3.amazonaws.com/models.huggingface.co/bert/bert-base-chinese-vocab.txt from cache at C:\Users\zk\.pytorch_pretrained_bert\8a0c070123c1f794c42a29c6904beb7c1b8715741e235bee04aca2c7636fc83f.9b42061518a39ca00b8b52059fd2bede8daa613f8a8671500e518a8c29de8c00
[2020-07-24 03:17:59,076 INFO] Saving to ./data/predict_data/
